TN:
SF:/Users/ferozshaik1/Desktop/mindex-js-code-challenge/src/polyfills.ts
FNF:0
FNH:0
DA:46,1
DA:74,1
LF:2
LH:2
BRF:0
BRH:0
end_of_record
TN:
SF:/Users/ferozshaik1/Desktop/mindex-js-code-challenge/src/test.ts
FNF:0
FNH:0
DA:3,1
DA:4,1
DA:5,1
DA:13,1
DA:18,1
DA:20,1
LF:6
LH:6
BRF:0
BRH:0
end_of_record
TN:
SF:/Users/ferozshaik1/Desktop/mindex-js-code-challenge/src/app/app.component.ts
FN:8,(anonymous_1)
FNF:1
FNH:1
FNDA:4,(anonymous_1)
DA:1,1
DA:8,1
DA:9,1
LF:3
LH:3
BRF:0
BRH:0
end_of_record
TN:
SF:/Users/ferozshaik1/Desktop/mindex-js-code-challenge/src/app/backendless-mock.service.ts
FN:3,(anonymous_0)
FN:4,(anonymous_2)
FNF:2
FNH:2
FNDA:1,(anonymous_0)
FNDA:1,(anonymous_2)
DA:3,1
DA:4,1
DA:5,1
DA:35,1
DA:37,1
LF:5
LH:5
BRF:0
BRH:0
end_of_record
TN:
SF:/Users/ferozshaik1/Desktop/mindex-js-code-challenge/src/app/employee.service.ts
FN:9,(anonymous_2)
FN:12,EmployeeService
FN:14,(anonymous_4)
FN:16,(anonymous_5)
FN:21,(anonymous_6)
FN:27,(anonymous_7)
FN:32,(anonymous_8)
FN:38,(anonymous_9)
FN:42,(anonymous_10)
FN:46,(anonymous_11)
FNF:10
FNH:8
FNDA:1,(anonymous_2)
FNDA:7,EmployeeService
FNDA:1,(anonymous_4)
FNDA:0,(anonymous_5)
FNDA:1,(anonymous_6)
FNDA:3,(anonymous_7)
FNDA:1,(anonymous_8)
FNDA:2,(anonymous_9)
FNDA:1,(anonymous_10)
FNDA:0,(anonymous_11)
DA:1,1
DA:2,1
DA:3,1
DA:4,1
DA:9,1
DA:10,7
DA:12,7
DA:14,1
DA:15,1
DA:16,0
DA:21,1
DA:22,1
DA:27,1
DA:28,3
DA:29,3
DA:32,1
DA:33,1
DA:38,1
DA:39,2
DA:42,1
DA:43,1
DA:46,1
DA:47,0
DA:49,1
LF:24
LH:22
BRDA:28,0,0,1
BRDA:28,0,1,2
BRDA:47,1,0,0
BRDA:47,1,1,0
BRF:4
BRH:2
end_of_record
TN:
SF:/Users/ferozshaik1/Desktop/mindex-js-code-challenge/src/app/employee/employee.component.ts
FN:12,(anonymous_3)
FN:22,EmployeeComponent
FN:27,(anonymous_5)
FN:32,(anonymous_6)
FN:33,(anonymous_7)
FN:35,(anonymous_8)
FN:36,(anonymous_9)
FN:45,(anonymous_10)
FN:50,(anonymous_11)
FN:51,(anonymous_12)
FN:58,(anonymous_13)
FN:68,(anonymous_14)
FN:69,(anonymous_15)
FN:77,(anonymous_16)
FN:82,(anonymous_17)
FN:87,(anonymous_18)
FN:92,(anonymous_19)
FNF:17
FNH:17
FNDA:1,(anonymous_3)
FNDA:9,EmployeeComponent
FNDA:1,(anonymous_5)
FNDA:2,(anonymous_6)
FNDA:5,(anonymous_7)
FNDA:5,(anonymous_8)
FNDA:14,(anonymous_9)
FNDA:9,(anonymous_10)
FNDA:4,(anonymous_11)
FNDA:16,(anonymous_12)
FNDA:3,(anonymous_13)
FNDA:2,(anonymous_14)
FNDA:4,(anonymous_15)
FNDA:2,(anonymous_16)
FNDA:2,(anonymous_17)
FNDA:1,(anonymous_18)
FNDA:1,(anonymous_19)
DA:1,1
DA:2,1
DA:4,1
DA:5,1
DA:12,1
DA:13,9
DA:14,1
DA:15,10
DA:16,10
DA:20,9
DA:23,9
DA:24,9
DA:27,1
DA:28,1
DA:29,1
DA:32,2
DA:33,2
DA:34,5
DA:35,5
DA:36,14
DA:38,5
DA:39,5
DA:40,5
DA:45,9
DA:46,9
DA:47,6
DA:49,3
DA:50,3
DA:51,16
DA:52,4
DA:53,4
DA:58,1
DA:59,3
DA:60,1
DA:61,1
DA:62,1
DA:64,2
DA:68,2
DA:69,2
DA:70,4
DA:71,1
DA:72,1
DA:73,1
DA:77,2
DA:78,2
DA:82,2
DA:83,2
DA:84,1
DA:85,1
DA:86,1
DA:87,1
DA:88,1
DA:89,1
DA:90,1
DA:91,1
DA:92,1
DA:96,1
LF:57
LH:57
BRDA:34,0,0,5
BRDA:34,0,1,0
BRDA:46,1,0,6
BRDA:46,1,1,3
BRDA:49,2,0,3
BRDA:49,2,1,0
BRDA:59,3,0,1
BRDA:59,3,1,2
BRDA:70,4,0,1
BRDA:70,4,1,3
BRDA:83,5,0,1
BRDA:83,5,1,1
BRDA:88,6,0,1
BRDA:88,6,1,0
BRF:14
BRH:11
end_of_record
TN:
SF:/Users/ferozshaik1/Desktop/mindex-js-code-challenge/src/app/employee-list/employee-list.component.ts
FN:13,(anonymous_3)
FN:16,EmployeeListComponent
FN:21,(anonymous_5)
FN:25,(anonymous_6)
FN:29,(anonymous_7)
FN:32,(anonymous_8)
FN:35,(anonymous_9)
FN:38,(anonymous_10)
FN:42,(anonymous_11)
FN:51,(anonymous_12)
FN:55,(anonymous_13)
FN:64,(anonymous_14)
FNF:12
FNH:11
FNDA:1,(anonymous_3)
FNDA:15,EmployeeListComponent
FNDA:4,(anonymous_5)
FNDA:5,(anonymous_6)
FNDA:5,(anonymous_7)
FNDA:5,(anonymous_8)
FNDA:5,(anonymous_9)
FNDA:1,(anonymous_10)
FNDA:1,(anonymous_11)
FNDA:1,(anonymous_12)
FNDA:1,(anonymous_13)
FNDA:0,(anonymous_14)
DA:1,1
DA:2,1
DA:4,1
DA:5,1
DA:6,1
DA:13,1
DA:14,15
DA:17,15
DA:18,15
DA:21,1
DA:22,4
DA:25,5
DA:26,5
DA:30,5
DA:32,5
DA:38,1
DA:39,1
DA:43,1
DA:44,1
DA:47,1
DA:51,1
DA:52,1
DA:56,1
DA:57,1
DA:60,1
DA:64,1
DA:65,0
DA:66,0
DA:68,1
LF:29
LH:27
BRDA:66,0,0,0
BRDA:66,0,1,0
BRF:2
BRH:0
end_of_record
TN:
SF:/Users/ferozshaik1/Desktop/mindex-js-code-challenge/src/app/my-dialog/my-dialog.component.ts
FN:10,(anonymous_5)
FN:13,MyDialogComponent
FN:18,(anonymous_7)
FN:20,(anonymous_8)
FN:24,(anonymous_9)
FNF:5
FNH:5
FNDA:1,(anonymous_5)
FNDA:10,MyDialogComponent
FNDA:10,(anonymous_7)
FNDA:1,(anonymous_8)
FNDA:1,(anonymous_9)
DA:1,1
DA:2,1
DA:10,1
DA:11,11
DA:14,10
DA:15,10
DA:18,1
DA:20,1
DA:21,1
DA:24,1
DA:29,1
DA:35,1
LF:12
LH:12
BRF:0
BRH:0
end_of_record
